#
# There is insufficient memory for the Java Runtime Environment to continue.
# Native memory allocation (malloc) failed to allocate 65552 bytes for Chunk::new
# Possible reasons:
#   The system is out of physical RAM or swap space
#   The process is running with CompressedOops enabled, and the Java Heap may be blocking the growth of the native heap
# Possible solutions:
#   Reduce memory load on the system
#   Increase physical memory or swap space
#   Check if swap backing store is full
#   Decrease Java heap size (-Xmx/-Xms)
#   Decrease number of Java threads
#   Decrease Java thread stack sizes (-Xss)
#   Set larger code cache with -XX:ReservedCodeCacheSize=
#   JVM is running with Unscaled Compressed Oops mode in which the Java heap is
#     placed in the first 4GB address space. The Java Heap base address is the
#     maximum limit for the native heap growth. Please use -XX:HeapBaseMinAddress
#     to set the Java Heap base and to place the Java Heap above 4GB virtual address.
# This output file may be truncated or incomplete.
#
#  Out of Memory Error (allocation.cpp:389), pid=38260, tid=0x0000000000009a68
#
# JRE version: OpenJDK Runtime Environment (8.0_242-b01) (build 1.8.0_242-release-1644-b01)
# Java VM: OpenJDK 64-Bit Server VM (25.242-b01 mixed mode windows-amd64 compressed oops)
# Failed to write core dump. Minidumps are not enabled by default on client versions of Windows
#

---------------  T H R E A D  ---------------

Current thread (0x000000001a0a4000):  JavaThread "C2 CompilerThread1" daemon [_thread_in_native, id=39528, stack(0x000000001a960000,0x000000001aa60000)]

Stack: [0x000000001a960000,0x000000001aa60000]
[error occurred during error reporting (printing stack bounds), id 0xc0000005]

Native frames: (J=compiled Java code, j=interpreted, Vv=VM code, C=native code)


Current CompileTask:
C2: 396241 17148       4       org.objectweb.asm.SymbolTable::addConstant (330 bytes)


---------------  P R O C E S S  ---------------

Java Threads: ( => current thread )
  0x0000000020930800 JavaThread "RMI TCP Connection(1)-127.0.0.1" daemon [_thread_in_native, id=41836, stack(0x000000002f2e0000,0x000000002f3e0000)]
  0x000000002092f000 JavaThread "RMI Reaper" [_thread_blocked, id=12476, stack(0x000000002f1e0000,0x000000002f2e0000)]
  0x000000002092e000 JavaThread "RMI TCP Accept-0" daemon [_thread_in_native, id=34116, stack(0x000000002f0e0000,0x000000002f1e0000)]
  0x000000002092f800 JavaThread "GC Daemon" daemon [_thread_blocked, id=19144, stack(0x000000002efe0000,0x000000002f0e0000)]
  0x0000000020931000 JavaThread "RMI RenewClean-[127.0.0.1:17707,org.jetbrains.kotlin.daemon.common.LoopbackNetworkInterface$ClientLoopbackSocketFactory@302249cb]" daemon [_thread_blocked, id=38540, stack(0x000000002ec00000,0x000000002ed00000)]
  0x0000000020926800 JavaThread "RMI Scheduler(0)" daemon [_thread_blocked, id=36228, stack(0x000000002c460000,0x000000002c560000)]
  0x000000001ff09800 JavaThread "Cache worker for execution history cache (C:\Users\Owner\AndroidStudioProjects\cousesearchform\.gradle\6.5\executionHistory)" [_thread_blocked, id=41688, stack(0x000000002eb00000,0x000000002ec00000)]
  0x000000001ff08000 JavaThread "Execution worker for ':' Thread 7" [_thread_blocked, id=41684, stack(0x000000002ea00000,0x000000002eb00000)]
  0x000000001ff0c800 JavaThread "Execution worker for ':' Thread 6" [_thread_blocked, id=41672, stack(0x000000002e900000,0x000000002ea00000)]
  0x000000001ff0b800 JavaThread "Execution worker for ':' Thread 5" [_thread_blocked, id=41676, stack(0x000000002e800000,0x000000002e900000)]
  0x000000001ff0e800 JavaThread "Execution worker for ':' Thread 4" [_thread_in_native, id=39508, stack(0x000000002e300000,0x000000002e400000)]
  0x000000001ff0d000 JavaThread "Execution worker for ':' Thread 3" [_thread_blocked, id=40468, stack(0x000000002e200000,0x000000002e300000)]
  0x000000001ff0e000 JavaThread "Execution worker for ':' Thread 2" [_thread_blocked, id=41776, stack(0x000000002e100000,0x000000002e200000)]
  0x000000001ff05800 JavaThread "Execution worker for ':'" [_thread_blocked, id=41680, stack(0x000000002c7d0000,0x000000002c8d0000)]
  0x000000001ff0a000 JavaThread "Cache worker for file content cache (C:\Users\Owner\AndroidStudioProjects\cousesearchform\.gradle\6.5\fileContent)" [_thread_blocked, id=5100, stack(0x000000002b460000,0x000000002b560000)]
  0x000000001ff05000 JavaThread "pool-7-thread-1" [_thread_blocked, id=38024, stack(0x000000002b360000,0x000000002b460000)]
  0x000000001ff02800 JavaThread "Cache worker for Build Output Cleanup Cache (C:\Users\Owner\AndroidStudioProjects\cousesearchform\.gradle\buildOutputCleanup)" [_thread_blocked, id=38080, stack(0x000000002ae60000,0x000000002af60000)]
  0x000000001ff07000 JavaThread "Build operations Thread 8" [_thread_blocked, id=40164, stack(0x0000000023b60000,0x0000000023c60000)]
  0x000000002c972800 JavaThread "Build operations Thread 7" [_thread_blocked, id=40168, stack(0x0000000023a60000,0x0000000023b60000)]
  0x000000002c971000 JavaThread "Build operations Thread 6" [_thread_blocked, id=40628, stack(0x0000000023960000,0x0000000023a60000)]
  0x000000002c969800 JavaThread "Build operations Thread 5" [_thread_blocked, id=39672, stack(0x0000000023860000,0x0000000023960000)]
  0x000000002c96f800 JavaThread "Build operations Thread 4" [_thread_blocked, id=32536, stack(0x0000000022e60000,0x0000000022f60000)]
  0x000000002c96e800 JavaThread "Build operations Thread 3" [_thread_blocked, id=39316, stack(0x0000000022660000,0x0000000022760000)]
  0x000000002c970000 JavaThread "Build operations Thread 2" [_thread_blocked, id=19468, stack(0x0000000021300000,0x0000000021400000)]
  0x000000002c96e000 JavaThread "Build operations" [_thread_blocked, id=39096, stack(0x0000000021200000,0x0000000021300000)]
  0x000000002c96a000 JavaThread "Cache worker for cache directory md-rule (C:\Users\Owner\.gradle\caches\6.5\md-rule)" [_thread_blocked, id=40232, stack(0x000000001ed00000,0x000000001ee00000)]
  0x000000002c96d000 JavaThread "Cache worker for cache directory md-supplier (C:\Users\Owner\.gradle\caches\6.5\md-supplier)" [_thread_blocked, id=39860, stack(0x000000001e700000,0x000000001e800000)]
  0x000000002c961800 JavaThread "Cache worker for checksums cache (C:\Users\Owner\AndroidStudioProjects\cousesearchform\.gradle\checksums)" [_thread_blocked, id=39516, stack(0x000000001e600000,0x000000001e700000)]
  0x000000002c968800 JavaThread "Cache worker for file hash cache (C:\Users\Owner\AndroidStudioProjects\cousesearchform\.gradle\6.5\fileHashes)" [_thread_blocked, id=40584, stack(0x000000001e500000,0x000000001e600000)]
  0x000000002c961000 JavaThread "Thread-371" [_thread_blocked, id=39360, stack(0x000000001e400000,0x000000001e500000)]
  0x000000002c968000 JavaThread "Stdin handler" [_thread_blocked, id=20020, stack(0x000000001e200000,0x000000001e300000)]
  0x000000002c967000 JavaThread "Asynchronous log dispatcher for DefaultDaemonConnection: socket connection from /127.0.0.1:55941 to /127.0.0.1:56150" [_thread_blocked, id=39736, stack(0x000000001e100000,0x000000001e200000)]
  0x000000002c960000 JavaThread "Cancel handler" [_thread_blocked, id=33224, stack(0x0000000001230000,0x0000000001330000)]
  0x000000002c966000 JavaThread "Handler for socket connection from /127.0.0.1:55941 to /127.0.0.1:56150" [_thread_in_native, id=41316, stack(0x00000000010f0000,0x00000000011f0000)]
  0x000000002092d800 JavaThread "jar transforms Thread 226" [_thread_blocked, id=40208, stack(0x000000002ad60000,0x000000002ae60000)]
  0x000000002092c800 JavaThread "jar transforms Thread 225" [_thread_blocked, id=37932, stack(0x000000002ac60000,0x000000002ad60000)]
  0x000000002092a800 JavaThread "jar transforms Thread 224" [_thread_blocked, id=38060, stack(0x000000002ab60000,0x000000002ac60000)]
  0x0000000020929800 JavaThread "jar transforms Thread 223" [_thread_blocked, id=39392, stack(0x000000002aa60000,0x000000002ab60000)]
  0x000000002092b000 JavaThread "jar transforms Thread 222" [_thread_blocked, id=38976, stack(0x000000002a960000,0x000000002aa60000)]
  0x000000002092c000 JavaThread "jar transforms Thread 221" [_thread_blocked, id=39568, stack(0x000000002a860000,0x000000002a960000)]
  0x0000000020925000 JavaThread "jar transforms Thread 220" [_thread_blocked, id=39536, stack(0x000000002a760000,0x000000002a860000)]
  0x0000000020922000 JavaThread "jar transforms Thread 219" [_thread_blocked, id=39560, stack(0x000000002a660000,0x000000002a760000)]
  0x0000000020929000 JavaThread "jar transforms Thread 218" [_thread_blocked, id=39488, stack(0x000000002a460000,0x000000002a560000)]
  0x0000000020926000 JavaThread "jar transforms Thread 217" [_thread_blocked, id=37408, stack(0x000000002a360000,0x000000002a460000)]
  0x0000000020927800 JavaThread "jar transforms Thread 216" [_thread_blocked, id=39576, stack(0x000000002a260000,0x000000002a360000)]
  0x0000000020924800 JavaThread "jar transforms Thread 215" [_thread_blocked, id=38984, stack(0x000000002a160000,0x000000002a260000)]
  0x0000000020923800 JavaThread "jar transforms Thread 214" [_thread_blocked, id=38704, stack(0x000000002a060000,0x000000002a160000)]
  0x0000000020923000 JavaThread "jar transforms Thread 213" [_thread_blocked, id=39912, stack(0x0000000029f60000,0x000000002a060000)]
  0x0000000020928000 JavaThread "jar transforms Thread 212" [_thread_blocked, id=40300, stack(0x0000000029e60000,0x0000000029f60000)]
  0x000000001fb00800 JavaThread "jar transforms Thread 211" [_thread_blocked, id=40228, stack(0x0000000029d60000,0x0000000029e60000)]
  0x000000001faff000 JavaThread "jar transforms Thread 210" [_thread_blocked, id=40456, stack(0x0000000029c60000,0x0000000029d60000)]
  0x000000001fafe000 JavaThread "jar transforms Thread 209" [_thread_blocked, id=38012, stack(0x0000000029b60000,0x0000000029c60000)]
  0x000000001faff800 JavaThread "jar transforms Thread 208" [_thread_blocked, id=40928, stack(0x0000000029a60000,0x0000000029b60000)]
  0x000000001fafd800 JavaThread "jar transforms Thread 207" [_thread_blocked, id=35400, stack(0x0000000029960000,0x0000000029a60000)]
  0x000000001fafc800 JavaThread "jar transforms Thread 206" [_thread_blocked, id=37980, stack(0x0000000029860000,0x0000000029960000)]
  0x000000001fafc000 JavaThread "jar transforms Thread 205" [_thread_blocked, id=39496, stack(0x0000000029760000,0x0000000029860000)]
  0x000000001fafb000 JavaThread "jar transforms Thread 204" [_thread_blocked, id=12932, stack(0x0000000029660000,0x0000000029760000)]
  0x000000001faf3800 JavaThread "jar transforms Thread 203" [_thread_blocked, id=37772, stack(0x0000000029560000,0x0000000029660000)]
  0x000000001fafa800 JavaThread "jar transforms Thread 202" [_thread_blocked, id=39664, stack(0x0000000029460000,0x0000000029560000)]
  0x000000001faf9800 JavaThread "jar transforms Thread 201" [_thread_blocked, id=39040, stack(0x0000000029360000,0x0000000029460000)]
  0x000000001faf2000 JavaThread "jar transforms Thread 200" [_thread_blocked, id=38960, stack(0x0000000029260000,0x0000000029360000)]
  0x000000001faf9000 JavaThread "jar transforms Thread 199" [_thread_blocked, id=40772, stack(0x0000000029160000,0x0000000029260000)]
  0x000000001faf8000 JavaThread "jar transforms Thread 198" [_thread_blocked, id=26516, stack(0x0000000029060000,0x0000000029160000)]
  0x000000001faf7800 JavaThread "jar transforms Thread 197" [_thread_blocked, id=39608, stack(0x0000000028f60000,0x0000000029060000)]
  0x000000001faf3000 JavaThread "jar transforms Thread 196" [_thread_blocked, id=34008, stack(0x0000000028e60000,0x0000000028f60000)]
  0x000000001faf1800 JavaThread "jar transforms Thread 195" [_thread_blocked, id=38932, stack(0x0000000028d60000,0x0000000028e60000)]
  0x000000001faf5000 JavaThread "jar transforms Thread 194" [_thread_blocked, id=39004, stack(0x0000000028c60000,0x0000000028d60000)]
  0x000000001faf6800 JavaThread "jar transforms Thread 193" [_thread_blocked, id=40648, stack(0x0000000028b60000,0x0000000028c60000)]
  0x000000001faf4800 JavaThread "jar transforms Thread 192" [_thread_blocked, id=40868, stack(0x0000000028a60000,0x0000000028b60000)]
  0x000000001faf6000 JavaThread "jar transforms Thread 191" [_thread_blocked, id=39852, stack(0x0000000028960000,0x0000000028a60000)]
  0x000000001ca30800 JavaThread "jar transforms Thread 190" [_thread_blocked, id=39356, stack(0x0000000028860000,0x0000000028960000)]
  0x000000001ca2d800 JavaThread "jar transforms Thread 189" [_thread_blocked, id=40624, stack(0x0000000028760000,0x0000000028860000)]
  0x000000001ca33800 JavaThread "jar transforms Thread 188" [_thread_blocked, id=37688, stack(0x0000000028660000,0x0000000028760000)]
  0x000000001ca2e800 JavaThread "jar transforms Thread 187" [_thread_blocked, id=39724, stack(0x0000000028560000,0x0000000028660000)]
  0x000000001ca31800 JavaThread "jar transforms Thread 186" [_thread_blocked, id=35144, stack(0x0000000028460000,0x0000000028560000)]
  0x0000000020a17800 JavaThread "jar transforms Thread 185" [_thread_blocked, id=37228, stack(0x0000000028360000,0x0000000028460000)]
  0x0000000020a15000 JavaThread "jar transforms Thread 184" [_thread_blocked, id=19996, stack(0x0000000028260000,0x0000000028360000)]
  0x0000000020a1a800 JavaThread "jar transforms Thread 183" [_thread_blocked, id=40652, stack(0x0000000028160000,0x0000000028260000)]
  0x0000000020a18000 JavaThread "jar transforms Thread 182" [_thread_blocked, id=34828, stack(0x0000000028060000,0x0000000028160000)]
  0x0000000020a16000 JavaThread "jar transforms Thread 181" [_thread_blocked, id=39424, stack(0x0000000027f60000,0x0000000028060000)]
  0x0000000020a16800 JavaThread "jar transforms Thread 180" [_thread_blocked, id=39596, stack(0x0000000027e60000,0x0000000027f60000)]
  0x000000001bf8f000 JavaThread "jar transforms Thread 179" [_thread_blocked, id=39600, stack(0x0000000027d60000,0x0000000027e60000)]
  0x000000001bf8e800 JavaThread "jar transforms Thread 178" [_thread_blocked, id=36880, stack(0x0000000027c60000,0x0000000027d60000)]
  0x000000001bf8d800 JavaThread "jar transforms Thread 177" [_thread_blocked, id=32552, stack(0x0000000027b60000,0x0000000027c60000)]
  0x000000001bf8d000 JavaThread "jar transforms Thread 176" [_thread_blocked, id=39364, stack(0x0000000027a60000,0x0000000027b60000)]
  0x000000001bf89800 JavaThread "jar transforms Thread 175" [_thread_blocked, id=39420, stack(0x0000000027960000,0x0000000027a60000)]
  0x000000001bf89000 JavaThread "jar transforms Thread 174" [_thread_blocked, id=37132, stack(0x0000000027860000,0x0000000027960000)]
  0x000000001bf8b800 JavaThread "jar transforms Thread 173" [_thread_blocked, id=31320, stack(0x0000000027760000,0x0000000027860000)]
  0x0000000021fab000 JavaThread "jar transforms Thread 172" [_thread_blocked, id=33988, stack(0x0000000027660000,0x0000000027760000)]
  0x0000000021fab800 JavaThread "jar transforms Thread 171" [_thread_blocked, id=37124, stack(0x0000000027560000,0x0000000027660000)]
  0x0000000021fb0000 JavaThread "jar transforms Thread 170" [_thread_blocked, id=38176, stack(0x0000000027460000,0x0000000027560000)]
  0x0000000021faf800 JavaThread "jar transforms Thread 169" [_thread_blocked, id=39108, stack(0x0000000027360000,0x0000000027460000)]
  0x0000000021fae800 JavaThread "jar transforms Thread 168" [_thread_blocked, id=39068, stack(0x0000000027260000,0x0000000027360000)]
  0x0000000021fad000 JavaThread "jar transforms Thread 167" [_thread_blocked, id=40512, stack(0x0000000027160000,0x0000000027260000)]
  0x0000000021fae000 JavaThread "jar transforms Thread 166" [_thread_blocked, id=18352, stack(0x0000000027060000,0x0000000027160000)]
  0x0000000021faa000 JavaThread "jar transforms Thread 165" [_thread_blocked, id=412, stack(0x0000000026f60000,0x0000000027060000)]
  0x0000000021fac800 JavaThread "jar transforms Thread 164" [_thread_blocked, id=37480, stack(0x0000000026e60000,0x0000000026f60000)]
  0x0000000020ceb000 JavaThread "jar transforms Thread 163" [_thread_blocked, id=38584, stack(0x0000000026d60000,0x0000000026e60000)]
  0x0000000020cee800 JavaThread "jar transforms Thread 162" [_thread_blocked, id=19480, stack(0x0000000026c60000,0x0000000026d60000)]
  0x0000000020cea000 JavaThread "jar transforms Thread 161" [_thread_blocked, id=20024, stack(0x0000000026b60000,0x0000000026c60000)]
  0x0000000020ce9800 JavaThread "jar transforms Thread 160" [_thread_blocked, id=37156, stack(0x0000000026a60000,0x0000000026b60000)]
  0x0000000020cee000 JavaThread "jar transforms Thread 159" [_thread_blocked, id=40040, stack(0x0000000026960000,0x0000000026a60000)]
  0x0000000020cef800 JavaThread "jar transforms Thread 158" [_thread_blocked, id=39388, stack(0x0000000026860000,0x0000000026960000)]
  0x0000000020ced000 JavaThread "jar transforms Thread 157" [_thread_blocked, id=32288, stack(0x0000000026760000,0x0000000026860000)]
  0x0000000020ce8800 JavaThread "jar transforms Thread 156" [_thread_blocked, id=30684, stack(0x0000000026660000,0x0000000026760000)]
  0x0000000020ceb800 JavaThread "jar transforms Thread 155" [_thread_blocked, id=34048, stack(0x0000000026560000,0x0000000026660000)]
  0x0000000020cec800 JavaThread "jar transforms Thread 154" [_thread_blocked, id=39748, stack(0x0000000026460000,0x0000000026560000)]
  0x0000000020ce1000 JavaThread "jar transforms Thread 153" [_thread_blocked, id=38972, stack(0x0000000026360000,0x0000000026460000)]
  0x0000000020ce6800 JavaThread "jar transforms Thread 152" [_thread_blocked, id=39140, stack(0x0000000026260000,0x0000000026360000)]
  0x0000000020ce2000 JavaThread "jar transforms Thread 151" [_thread_blocked, id=37572, stack(0x0000000026160000,0x0000000026260000)]
  0x0000000020ce5800 JavaThread "jar transforms Thread 150" [_thread_blocked, id=37288, stack(0x0000000026060000,0x0000000026160000)]
  0x0000000020ce4000 JavaThread "jar transforms Thread 149" [_thread_blocked, id=40264, stack(0x0000000025f60000,0x0000000026060000)]
  0x0000000020ce3800 JavaThread "jar transforms Thread 148" [_thread_blocked, id=38528, stack(0x0000000025e60000,0x0000000025f60000)]
  0x00000000208cb800 JavaThread "jar transforms Thread 147" [_thread_blocked, id=39816, stack(0x0000000025d60000,0x0000000025e60000)]
  0x00000000208ce800 JavaThread "jar transforms Thread 146" [_thread_blocked, id=39464, stack(0x0000000025c60000,0x0000000025d60000)]
  0x00000000208d0000 JavaThread "jar transforms Thread 145" [_thread_blocked, id=34652, stack(0x0000000025b60000,0x0000000025c60000)]
  0x00000000208cc000 JavaThread "jar transforms Thread 144" [_thread_blocked, id=40016, stack(0x0000000025a60000,0x0000000025b60000)]
  0x00000000208cf000 JavaThread "jar transforms Thread 143" [_thread_blocked, id=39492, stack(0x0000000025960000,0x0000000025a60000)]
  0x00000000208c4800 JavaThread "jar transforms Thread 142" [_thread_blocked, id=37724, stack(0x0000000025860000,0x0000000025960000)]
  0x00000000208c3000 JavaThread "jar transforms Thread 141" [_thread_blocked, id=40060, stack(0x0000000025760000,0x0000000025860000)]
  0x00000000208c7000 JavaThread "jar transforms Thread 140" [_thread_blocked, id=39072, stack(0x0000000025660000,0x0000000025760000)]
  0x00000000208c2800 JavaThread "jar transforms Thread 139" [_thread_blocked, id=21424, stack(0x0000000025560000,0x0000000025660000)]
  0x00000000208c9000 JavaThread "jar transforms Thread 138" [_thread_blocked, id=8484, stack(0x0000000025460000,0x0000000025560000)]
  0x00000000208c6000 JavaThread "jar transforms Thread 137" [_thread_blocked, id=36140, stack(0x0000000025360000,0x0000000025460000)]
  0x00000000208c4000 JavaThread "jar transforms Thread 136" [_thread_blocked, id=38416, stack(0x0000000025260000,0x0000000025360000)]
  0x00000000208c8800 JavaThread "jar transforms Thread 135" [_thread_blocked, id=40136, stack(0x0000000025160000,0x0000000025260000)]
  0x00000000208c7800 JavaThread "jar transforms Thread 134" [_thread_blocked, id=33888, stack(0x0000000025060000,0x0000000025160000)]
  0x00000000208c5800 JavaThread "jar transforms Thread 133" [_thread_blocked, id=34616, stack(0x0000000024f60000,0x0000000025060000)]
  0x00000000208c1000 JavaThread "jar transforms Thread 132" [_thread_blocked, id=40272, stack(0x0000000024e60000,0x0000000024f60000)]
  0x00000000208c1800 JavaThread "jar transforms Thread 131" [_thread_blocked, id=28408, stack(0x0000000024d60000,0x0000000024e60000)]
  0x000000002c97f000 JavaThread "jar transforms Thread 130" [_thread_blocked, id=39256, stack(0x0000000024c60000,0x0000000024d60000)]
  0x000000002c97e800 JavaThread "jar transforms Thread 129" [_thread_blocked, id=37988, stack(0x0000000024b60000,0x0000000024c60000)]
  0x000000002c97d800 JavaThread "jar transforms Thread 128" [_thread_blocked, id=38544, stack(0x0000000024a60000,0x0000000024b60000)]
  0x000000002c97a000 JavaThread "jar transforms Thread 127" [_thread_blocked, id=29480, stack(0x0000000024960000,0x0000000024a60000)]
  0x000000002c976000 JavaThread "jar transforms Thread 126" [_thread_blocked, id=39968, stack(0x0000000024860000,0x0000000024960000)]
  0x000000002c97d000 JavaThread "jar transforms Thread 125" [_thread_blocked, id=38936, stack(0x0000000024760000,0x0000000024860000)]
  0x000000002c975800 JavaThread "jar transforms Thread 124" [_thread_blocked, id=39784, stack(0x0000000024660000,0x0000000024760000)]
  0x000000002c97c000 JavaThread "jar transforms Thread 123" [_thread_blocked, id=33960, stack(0x0000000024560000,0x0000000024660000)]
  0x000000002c974800 JavaThread "jar transforms Thread 122" [_thread_blocked, id=36092, stack(0x0000000024460000,0x0000000024560000)]
  0x000000002c978800 JavaThread "jar transforms Thread 121" [_thread_blocked, id=38944, stack(0x0000000024360000,0x0000000024460000)]
  0x000000002c977800 JavaThread "jar transforms Thread 120" [_thread_blocked, id=36160, stack(0x0000000024260000,0x0000000024360000)]
  0x000000002c97a800 JavaThread "jar transforms Thread 119" [_thread_blocked, id=39380, stack(0x0000000024160000,0x0000000024260000)]
  0x000000002c979000 JavaThread "jar transforms Thread 118" [_thread_blocked, id=37164, stack(0x0000000024060000,0x0000000024160000)]
  0x000000002c97b800 JavaThread "jar transforms Thread 117" [_thread_blocked, id=28956, stack(0x0000000023f60000,0x0000000024060000)]
  0x000000002c974000 JavaThread "jar transforms Thread 116" [_thread_blocked, id=39952, stack(0x0000000023e60000,0x0000000023f60000)]
  0x000000002c96c800 JavaThread "jar transforms Thread 115" [_thread_blocked, id=39548, stack(0x0000000023d60000,0x0000000023e60000)]
  0x000000002c973000 JavaThread "jar transforms Thread 114" [_thread_blocked, id=17516, stack(0x0000000023c60000,0x0000000023d60000)]
  0x000000002c962800 JavaThread "Daemon worker Thread 2" [_thread_blocked, id=40908, stack(0x000000001e000000,0x000000001e100000)]
  0x000000002c965800 JavaThread "Daemon Thread 2" [_thread_blocked, id=40712, stack(0x0000000000ed0000,0x0000000000fd0000)]
  0x0000000020a19800 JavaThread "Memory manager" [_thread_blocked, id=40080, stack(0x000000002c360000,0x000000002c460000)]
  0x000000001ca33000 JavaThread "Cache worker for file content cache (C:\Users\Owner\.gradle\caches\6.5\fileContent)" [_thread_blocked, id=37512, stack(0x0000000022f60000,0x0000000023060000)]
  0x000000001ca30000 JavaThread "Cache worker for execution history cache (C:\Users\Owner\.gradle\caches\6.5\executionHistory)" [_thread_blocked, id=38996, stack(0x0000000022760000,0x0000000022860000)]
  0x000000001ca2d000 JavaThread "Cache worker for file hash cache (C:\Users\Owner\.gradle\caches\6.5\fileHashes)" [_thread_blocked, id=38832, stack(0x000000001ec00000,0x000000001ed00000)]
  0x000000001ca2f000 JavaThread "File lock request listener" [_thread_in_native, id=28784, stack(0x000000001eb00000,0x000000001ec00000)]
  0x000000001aedb000 JavaThread "Cache worker for journal cache (C:\Users\Owner\.gradle\caches\journal-1)" [_thread_blocked, id=37984, stack(0x000000001ea00000,0x000000001eb00000)]
  0x000000001cab0800 JavaThread "Daemon periodic checks" [_thread_blocked, id=23744, stack(0x000000001dd00000,0x000000001de00000)]
  0x000000001ca80800 JavaThread "Incoming local TCP Connector on port 55941" [_thread_in_native, id=39828, stack(0x000000001db20000,0x000000001dc20000)]
  0x000000001c99d800 JavaThread "Daemon health stats" [_thread_blocked, id=39644, stack(0x000000001d800000,0x000000001d900000)]
  0x000000001a174000 JavaThread "Service Thread" daemon [_thread_blocked, id=39472, stack(0x000000001ac60000,0x000000001ad60000)]
  0x000000001a0ed000 JavaThread "C1 CompilerThread3" daemon [_thread_in_vm, id=39500, stack(0x000000001ab60000,0x000000001ac60000)]
  0x000000001a0a7000 JavaThread "C2 CompilerThread2" daemon [_thread_in_native, id=39524, stack(0x000000001aa60000,0x000000001ab60000)]
=>0x000000001a0a4000 JavaThread "C2 CompilerThread1" daemon [_thread_in_native, id=39528, stack(0x000000001a960000,0x000000001aa60000)]
  0x000000001a09f000 JavaThread "C2 CompilerThread0" daemon [_thread_in_native, id=39540, stack(0x000000001a860000,0x000000001a960000)]
  0x000000001a0eb000 JavaThread "Attach Listener" daemon [_thread_blocked, id=39564, stack(0x000000001a760000,0x000000001a860000)]
  0x000000001a0ea800 JavaThread "Signal Dispatcher" daemon [_thread_blocked, id=39532, stack(0x000000001a660000,0x000000001a760000)]
  0x000000000321c800 JavaThread "Finalizer" daemon [_thread_blocked, id=36572, stack(0x000000001a560000,0x000000001a660000)]
  0x000000001a080800 JavaThread "Reference Handler" daemon [_thread_blocked, id=39452, stack(0x000000001a460000,0x000000001a560000)]
  0x0000000003122800 JavaThread "main" [_thread_blocked, id=30164, stack(0x0000000003020000,0x0000000003120000)]

Other Threads:
  0x0000000018288800 VMThread [stack: 0x0000000019f60000,0x000000001a060000] [id=39456]
  0x000000001a174800 WatcherThread [stack: 0x000000001ad60000,0x000000001ae60000] [id=39512]

VM state:not at safepoint (normal execution)

VM Mutex/Monitor currently owned by a thread: None

heap address: 0x0000000080000000, size: 2048 MB, Compressed Oops mode: 32-bit
Narrow klass base: 0x0000000000000000, Narrow klass shift: 3
Compressed class space size: 1073741824 Address: 0x0000000100000000

Heap:
 PSYoungGen      total 336384K, used 134486K [0x00000000d5580000, 0x00000000ee580000, 0x0000000100000000)
  eden space 289792K, 37% used [0x00000000d5580000,0x00000000dbed2980,0x00000000e7080000)
  from space 46592K, 57% used [0x00000000e7080000,0x00000000e8a82f60,0x00000000e9e00000)
  to   space 46592K, 0% used [0x00000000eb800000,0x00000000eb800000,0x00000000ee580000)
 ParOldGen       total 159744K, used 87821K [0x0000000080000000, 0x0000000089c00000, 0x00000000d5580000)
  object space 159744K, 54% used [0x0000000080000000,0x00000000855c3700,0x0000000089c00000)
 Metaspace       used 90813K, capacity 96152K, committed 96256K, reserved 1132544K
  class space    used 12051K, capacity 12965K, committed 13056K, reserved 1048576K

Card table byte_map: [0x00000000125e0000,0x00000000129f0000] byte_map_base: 0x00000000121e0000

Marking Bits: (ParMarkBitMap*) 0x000000005554f030
 Begin Bits: [0x00000000134a0000, 0x00000000154a0000)
 End Bits:   [0x00000000154a0000, 0x00000000174a0000)

Polling page: 0x0000000001400000

CodeCache: size=245760Kb used=43404Kb max_used=43410Kb free=202355Kb
 bounds [0x0000000003220000, 0x0000000005cf0000, 0x0000000012220000]
 total_blobs=14688 nmethods=13797 adapters=801
 compilation: enabled

Compilation events (10 events):
Event: 396.231 Thread 0x000000001a0ed000 17144       3       java.util.TreeSet::comparator (10 bytes)
Event: 396.231 Thread 0x000000001a0ed000 nmethod 17144 0x00000000035a3810 code [0x00000000035a3980, 0x00000000035a3ba8]
Event: 396.231 Thread 0x000000001a0ed000 17147       3       org.gradle.internal.normalization.java.impl.ApiMemberSelector::visitAnnotationMembers (55 bytes)
Event: 396.232 Thread 0x000000001a0ed000 nmethod 17147 0x0000000003cfb390 code [0x0000000003cfb580, 0x0000000003cfbd48]
Event: 396.233 Thread 0x000000001a0ed000 17155       3       org.objectweb.asm.MethodWriter::visitInsn (115 bytes)
Event: 396.233 Thread 0x000000001a0ed000 nmethod 17155 0x0000000003d04e50 code [0x0000000003d05000, 0x0000000003d054c8]
Event: 396.235 Thread 0x000000001a0a7000 nmethod 17135 0x0000000003f74790 code [0x0000000003f74900, 0x0000000003f751b8]
Event: 396.235 Thread 0x000000001a0a7000 17154       4       org.objectweb.asm.FieldVisitor::<init> (82 bytes)
Event: 396.236 Thread 0x000000001a0a7000 nmethod 17154 0x00000000040b9f50 code [0x00000000040ba080, 0x00000000040ba118]
Event: 396.236 Thread 0x000000001a0a7000 17152       4       java.util.TreeSet::iterator (15 bytes)

GC Heap History (10 events):
Event: 20.388 GC heap before
{Heap before GC invocations=16 (full 3):
 PSYoungGen      total 249856K, used 249687K [0x00000000d5580000, 0x00000000e6680000, 0x0000000100000000)
  eden space 231936K, 100% used [0x00000000d5580000,0x00000000e3800000,0x00000000e3800000)
  from space 17920K, 99% used [0x00000000e5500000,0x00000000e6655f20,0x00000000e6680000)
  to   space 22016K, 0% used [0x00000000e3b80000,0x00000000e3b80000,0x00000000e5100000)
 ParOldGen       total 159744K, used 31129K [0x0000000080000000, 0x0000000089c00000, 0x00000000d5580000)
  object space 159744K, 19% used [0x0000000080000000,0x0000000081e66458,0x0000000089c00000)
 Metaspace       used 72424K, capacity 76076K, committed 76416K, reserved 1116160K
  class space    used 9869K, capacity 10527K, committed 10624K, reserved 1048576K
Event: 20.418 GC heap after
Heap after GC invocations=16 (full 3):
 PSYoungGen      total 257536K, used 22004K [0x00000000d5580000, 0x00000000e8d00000, 0x0000000100000000)
  eden space 235520K, 0% used [0x00000000d5580000,0x00000000d5580000,0x00000000e3b80000)
  from space 22016K, 99% used [0x00000000e3b80000,0x00000000e50fd0a0,0x00000000e5100000)
  to   space 25088K, 0% used [0x00000000e7480000,0x00000000e7480000,0x00000000e8d00000)
 ParOldGen       total 159744K, used 31398K [0x0000000080000000, 0x0000000089c00000, 0x00000000d5580000)
  object space 159744K, 19% used [0x0000000080000000,0x0000000081ea9b08,0x0000000089c00000)
 Metaspace       used 72424K, capacity 76076K, committed 76416K, reserved 1116160K
  class space    used 9869K, capacity 10527K, committed 10624K, reserved 1048576K
}
Event: 23.318 GC heap before
{Heap before GC invocations=17 (full 3):
 PSYoungGen      total 257536K, used 257524K [0x00000000d5580000, 0x00000000e8d00000, 0x0000000100000000)
  eden space 235520K, 100% used [0x00000000d5580000,0x00000000e3b80000,0x00000000e3b80000)
  from space 22016K, 99% used [0x00000000e3b80000,0x00000000e50fd0a0,0x00000000e5100000)
  to   space 25088K, 0% used [0x00000000e7480000,0x00000000e7480000,0x00000000e8d00000)
 ParOldGen       total 159744K, used 31398K [0x0000000080000000, 0x0000000089c00000, 0x00000000d5580000)
  object space 159744K, 19% used [0x0000000080000000,0x0000000081ea9b08,0x0000000089c00000)
 Metaspace       used 79513K, capacity 83810K, committed 83968K, reserved 1122304K
  class space    used 10941K, capacity 11720K, committed 11776K, reserved 1048576K
Event: 23.455 GC heap after
Heap after GC invocations=17 (full 3):
 PSYoungGen      total 272896K, used 25071K [0x00000000d5580000, 0x00000000ec700000, 0x0000000100000000)
  eden space 247808K, 0% used [0x00000000d5580000,0x00000000d5580000,0x00000000e4780000)
  from space 25088K, 99% used [0x00000000e7480000,0x00000000e8cfbee8,0x00000000e8d00000)
  to   space 46080K, 0% used [0x00000000e4780000,0x00000000e4780000,0x00000000e7480000)
 ParOldGen       total 159744K, used 78258K [0x0000000080000000, 0x0000000089c00000, 0x00000000d5580000)
  object space 159744K, 48% used [0x0000000080000000,0x0000000084c6c8c8,0x0000000089c00000)
 Metaspace       used 79513K, capacity 83810K, committed 83968K, reserved 1122304K
  class space    used 10941K, capacity 11720K, committed 11776K, reserved 1048576K
}
Event: 28.719 GC heap before
{Heap before GC invocations=18 (full 3):
 PSYoungGen      total 272896K, used 272879K [0x00000000d5580000, 0x00000000ec700000, 0x0000000100000000)
  eden space 247808K, 100% used [0x00000000d5580000,0x00000000e4780000,0x00000000e4780000)
  from space 25088K, 99% used [0x00000000e7480000,0x00000000e8cfbee8,0x00000000e8d00000)
  to   space 46080K, 0% used [0x00000000e4780000,0x00000000e4780000,0x00000000e7480000)
 ParOldGen       total 159744K, used 78258K [0x0000000080000000, 0x0000000089c00000, 0x00000000d5580000)
  object space 159744K, 48% used [0x0000000080000000,0x0000000084c6c8c8,0x0000000089c00000)
 Metaspace       used 83262K, capacity 87854K, committed 87936K, reserved 1124352K
  class space    used 11369K, capacity 12154K, committed 12160K, reserved 1048576K
Event: 28.767 GC heap after
Heap after GC invocations=18 (full 3):
 PSYoungGen      total 293888K, used 24507K [0x00000000d5580000, 0x00000000ed000000, 0x0000000100000000)
  eden space 247808K, 0% used [0x00000000d5580000,0x00000000d5580000,0x00000000e4780000)
  from space 46080K, 53% used [0x00000000e4780000,0x00000000e5f6ec78,0x00000000e7480000)
  to   space 45568K, 0% used [0x00000000ea380000,0x00000000ea380000,0x00000000ed000000)
 ParOldGen       total 159744K, used 87805K [0x0000000080000000, 0x0000000089c00000, 0x00000000d5580000)
  object space 159744K, 54% used [0x0000000080000000,0x00000000855bf700,0x0000000089c00000)
 Metaspace       used 83262K, capacity 87854K, committed 87936K, reserved 1124352K
  class space    used 11369K, capacity 12154K, committed 12160K, reserved 1048576K
}
Event: 37.961 GC heap before
{Heap before GC invocations=19 (full 3):
 PSYoungGen      total 293888K, used 272315K [0x00000000d5580000, 0x00000000ed000000, 0x0000000100000000)
  eden space 247808K, 100% used [0x00000000d5580000,0x00000000e4780000,0x00000000e4780000)
  from space 46080K, 53% used [0x00000000e4780000,0x00000000e5f6ec78,0x00000000e7480000)
  to   space 45568K, 0% used [0x00000000ea380000,0x00000000ea380000,0x00000000ed000000)
 ParOldGen       total 159744K, used 87805K [0x0000000080000000, 0x0000000089c00000, 0x00000000d5580000)
  object space 159744K, 54% used [0x0000000080000000,0x00000000855bf700,0x0000000089c00000)
 Metaspace       used 88213K, capacity 93048K, committed 93312K, reserved 1130496K
  class space    used 11807K, capacity 12653K, committed 12672K, reserved 1048576K
Event: 38.010 GC heap after
Heap after GC invocations=19 (full 3):
 PSYoungGen      total 330752K, used 29064K [0x00000000d5580000, 0x00000000ecb80000, 0x0000000100000000)
  eden space 289792K, 0% used [0x00000000d5580000,0x00000000d5580000,0x00000000e7080000)
  from space 40960K, 70% used [0x00000000ea380000,0x00000000ebfe22e0,0x00000000ecb80000)
  to   space 46592K, 0% used [0x00000000e7080000,0x00000000e7080000,0x00000000e9e00000)
 ParOldGen       total 159744K, used 87813K [0x0000000080000000, 0x0000000089c00000, 0x00000000d5580000)
  object space 159744K, 54% used [0x0000000080000000,0x00000000855c1700,0x0000000089c00000)
 Metaspace       used 88213K, capacity 93048K, committed 93312K, reserved 1130496K
  class space    used 11807K, capacity 12653K, committed 12672K, reserved 1048576K
}
Event: 352.977 GC heap before
{Heap before GC invocations=20 (full 3):
 PSYoungGen      total 330752K, used 318856K [0x00000000d5580000, 0x00000000ecb80000, 0x0000000100000000)
  eden space 289792K, 100% used [0x00000000d5580000,0x00000000e7080000,0x00000000e7080000)
  from space 40960K, 70% used [0x00000000ea380000,0x00000000ebfe22e0,0x00000000ecb80000)
  to   space 46592K, 0% used [0x00000000e7080000,0x00000000e7080000,0x00000000e9e00000)
 ParOldGen       total 159744K, used 87813K [0x0000000080000000, 0x0000000089c00000, 0x00000000d5580000)
  object space 159744K, 54% used [0x0000000080000000,0x00000000855c1700,0x0000000089c00000)
 Metaspace       used 89498K, capacity 94602K, committed 94720K, reserved 1130496K
  class space    used 11888K, capacity 12772K, committed 12800K, reserved 1048576K
Event: 353.011 GC heap after
Heap after GC invocations=20 (full 3):
 PSYoungGen      total 336384K, used 26635K [0x00000000d5580000, 0x00000000ee580000, 0x0000000100000000)
  eden space 289792K, 0% used [0x00000000d5580000,0x00000000d5580000,0x00000000e7080000)
  from space 46592K, 57% used [0x00000000e7080000,0x00000000e8a82f60,0x00000000e9e00000)
  to   space 46592K, 0% used [0x00000000eb800000,0x00000000eb800000,0x00000000ee580000)
 ParOldGen       total 159744K, used 87821K [0x0000000080000000, 0x0000000089c00000, 0x00000000d5580000)
  object space 159744K, 54% used [0x0000000080000000,0x00000000855c3700,0x0000000089c00000)
 Metaspace       used 89498K, capacity 94602K, committed 94720K, reserved 1130496K
  class space    used 11888K, capacity 12772K, committed 12800K, reserved 1048576K
}

Deoptimization events (10 events):
Event: 389.892 Thread 0x0000000020930800 Uncommon trap: reason=unstable_if action=reinterpret pc=0x0000000005ae14f4 method=java.io.BufferedInputStream.fill()V @ 9
Event: 389.895 Thread 0x0000000020930800 Uncommon trap: reason=unstable_if action=reinterpret pc=0x0000000004b32c9c method=java.io.ObjectInputStream.filterCheck(Ljava/lang/Class;I)V @ 4
Event: 395.777 Thread 0x0000000020930800 Uncommon trap: reason=unstable_if action=reinterpret pc=0x0000000004b22010 method=java.io.ObjectInputStream$BlockDataInputStream.readUTFSpan(Ljava/lang/StringBuilder;J)J @ 35
Event: 396.148 Thread 0x000000001ff09800 Uncommon trap: reason=predicate action=maybe_recompile pc=0x0000000004221a08 method=java.util.Collections.indexedBinarySearch(Ljava/util/List;Ljava/lang/Object;)I @ 16
Event: 396.177 Thread 0x000000001ff0e800 Uncommon trap: reason=unstable_if action=reinterpret pc=0x00000000038c5fbc method=java.util.regex.Pattern.range(Ljava/util/regex/Pattern$BitClass;)Ljava/util/regex/Pattern$CharProperty; @ 19
Event: 396.195 Thread 0x000000001ff0e800 Uncommon trap: reason=unstable_if action=reinterpret pc=0x00000000036495f0 method=org.objectweb.asm.MethodWriter.visitLabel(Lorg/objectweb/asm/Label;)V @ 312
Event: 396.195 Thread 0x000000001ff0e800 Uncommon trap: reason=unstable_if action=reinterpret pc=0x000000000405e864 method=org.objectweb.asm.MethodWriter.visitInsn(I)V @ 32
Event: 396.195 Thread 0x000000001ff0e800 Uncommon trap: reason=unstable_if action=reinterpret pc=0x000000000354004c method=org.objectweb.asm.MethodWriter.visitMethodInsn(ILjava/lang/String;Ljava/lang/String;Ljava/lang/String;Z)V @ 89
Event: 396.195 Thread 0x000000001ff0e800 Uncommon trap: reason=unstable_if action=reinterpret pc=0x0000000004232e1c method=org.objectweb.asm.MethodWriter.endCurrentBasicBlockWithNoSuccessor()V @ 5
Event: 396.195 Thread 0x000000001ff0e800 Uncommon trap: reason=unstable_if action=reinterpret pc=0x000000000443b978 method=org.objectweb.asm.MethodWriter.visitMaxs(II)V @ 35

Classes redefined (0 events):
No events

Internal exceptions (10 events):
Event: 389.793 Thread 0x000000001ff0e800 Exception <a 'java/lang/NoSuchMethodError': <clinit>> (0x00000000db265460) thrown at [C:\src\AOSP-openjdk-git\hotspot\src\share\vm\prims\jni.cpp, line 1615]
Event: 389.802 Thread 0x000000001ff0e800 Exception <a 'java/lang/NoSuchMethodError': <clinit>> (0x00000000db281e88) thrown at [C:\src\AOSP-openjdk-git\hotspot\src\share\vm\prims\jni.cpp, line 1615]
Event: 389.804 Thread 0x000000001ff0e800 Exception <a 'java/lang/NoSuchMethodError': <clinit>> (0x00000000db2a8118) thrown at [C:\src\AOSP-openjdk-git\hotspot\src\share\vm\prims\jni.cpp, line 1615]
Event: 389.813 Thread 0x0000000020931000 Exception <a 'java/lang/InterruptedException'> (0x00000000db2bfba8) thrown at [C:\src\AOSP-openjdk-git\hotspot\src\share\vm\runtime\objectMonitor.cpp, line 1680]
Event: 389.827 Thread 0x000000001ff0e800 Exception <a 'java/lang/NoSuchMethodError': <clinit>> (0x00000000db2eaf48) thrown at [C:\src\AOSP-openjdk-git\hotspot\src\share\vm\prims\jni.cpp, line 1615]
Event: 389.828 Thread 0x000000001ff0e800 Exception <a 'java/lang/NoSuchMethodError': <clinit>> (0x00000000db2f8ea8) thrown at [C:\src\AOSP-openjdk-git\hotspot\src\share\vm\prims\jni.cpp, line 1615]
Event: 389.829 Thread 0x000000001ff0e800 Exception <a 'java/lang/NoSuchMethodError': <clinit>> (0x00000000db308ab0) thrown at [C:\src\AOSP-openjdk-git\hotspot\src\share\vm\prims\jni.cpp, line 1615]
Event: 389.834 Thread 0x000000001ff0e800 Exception <a 'java/lang/NoSuchMethodError': <clinit>> (0x00000000db32e240) thrown at [C:\src\AOSP-openjdk-git\hotspot\src\share\vm\prims\jni.cpp, line 1615]
Event: 389.851 Thread 0x000000001ff0e800 Exception <a 'java/lang/NoSuchMethodError': <clinit>> (0x00000000db42c488) thrown at [C:\src\AOSP-openjdk-git\hotspot\src\share\vm\prims\jni.cpp, line 1615]
Event: 389.854 Thread 0x000000001ff0e800 Exception <a 'java/lang/NoSuchMethodError': <clinit>> (0x00000000db4d5210) thrown at [C:\src\AOSP-openjdk-git\hotspot\src\share\vm\prims\jni.cpp, line 1615]

Events (10 events):
Event: 396.195 Thread 0x000000001ff0e800 DEOPT PACKING pc=0x0000000004232e1c sp=0x000000002e3fc860
Event: 396.195 Thread 0x000000001ff0e800 DEOPT UNPACKING pc=0x000000000326557b sp=0x000000002e3fc7f8 mode 2
Event: 396.195 Thread 0x000000001ff0e800 Uncommon trap: trap_request=0xffffff65 fr.pc=0x000000000443b978
Event: 396.195 Thread 0x000000001ff0e800 DEOPT PACKING pc=0x000000000443b978 sp=0x000000002e3fc8c0
Event: 396.195 Thread 0x000000001ff0e800 DEOPT UNPACKING pc=0x000000000326557b sp=0x000000002e3fc860 mode 2
Event: 396.196 loading class org/gradle/internal/hash/HashCode
Event: 396.196 loading class org/gradle/internal/hash/HashCode done
Event: 396.196 loading class org/gradle/internal/hash/HashCode
Event: 396.196 loading class org/gradle/internal/hash/HashCode done
Event: 396.198 Thread 0x000000001a0ed000 flushing nmethod 0x0000000005689f90


Dynamic libraries:
0x00007ff766f50000 - 0x00007ff766f81000 	C:\Program Files\Android\Android Studio\jre\bin\java.exe
0x00007ffbabea0000 - 0x00007ffbac090000 	C:\WINDOWS\SYSTEM32\ntdll.dll
0x00007ffbaae30000 - 0x00007ffbaaee2000 	C:\WINDOWS\System32\KERNEL32.DLL
0x00007ffba9be0000 - 0x00007ffba9e85000 	C:\WINDOWS\System32\KERNELBASE.dll
0x00007ffbab870000 - 0x00007ffbab913000 	C:\WINDOWS\System32\ADVAPI32.dll
0x00007ffbaa090000 - 0x00007ffbaa12e000 	C:\WINDOWS\System32\msvcrt.dll
0x00007ffba9fe0000 - 0x00007ffbaa077000 	C:\WINDOWS\System32\sechost.dll
0x00007ffbab0a0000 - 0x00007ffbab1c0000 	C:\WINDOWS\System32\RPCRT4.dll
0x00007ffbaac90000 - 0x00007ffbaae24000 	C:\WINDOWS\System32\USER32.dll
0x00007ffba9e90000 - 0x00007ffba9eb1000 	C:\WINDOWS\System32\win32u.dll
0x00007ffbab1c0000 - 0x00007ffbab1e6000 	C:\WINDOWS\System32\GDI32.dll
0x00007ffba9a40000 - 0x00007ffba9bd6000 	C:\WINDOWS\System32\gdi32full.dll
0x00007ffba99a0000 - 0x00007ffba9a3e000 	C:\WINDOWS\System32\msvcp_win.dll
0x00007ffba8e60000 - 0x00007ffba8f5a000 	C:\WINDOWS\System32\ucrtbase.dll
0x00007ffb8d180000 - 0x00007ffb8d404000 	C:\WINDOWS\WinSxS\amd64_microsoft.windows.common-controls_6595b64144ccf1df_6.0.18362.1256_none_9e7e379be45e40e2\COMCTL32.dll
0x00007ffbaa200000 - 0x00007ffbaa536000 	C:\WINDOWS\System32\combase.dll
0x00007ffba9ec0000 - 0x00007ffba9f41000 	C:\WINDOWS\System32\bcryptPrimitives.dll
0x00007ffbab350000 - 0x00007ffbab37e000 	C:\WINDOWS\System32\IMM32.DLL
0x00000000557b0000 - 0x0000000055882000 	C:\Program Files\Android\Android Studio\jre\jre\bin\msvcr100.dll
0x0000000054d80000 - 0x00000000555cb000 	C:\Program Files\Android\Android Studio\jre\jre\bin\server\jvm.dll
0x00007ffbaa080000 - 0x00007ffbaa088000 	C:\WINDOWS\System32\PSAPI.DLL
0x00007ffb8a9f0000 - 0x00007ffb8a9f9000 	C:\WINDOWS\SYSTEM32\WSOCK32.dll
0x00007ffba6680000 - 0x00007ffba66a4000 	C:\WINDOWS\SYSTEM32\WINMM.dll
0x00007ffb9f600000 - 0x00007ffb9f60a000 	C:\WINDOWS\SYSTEM32\VERSION.dll
0x00007ffbaa190000 - 0x00007ffbaa1ff000 	C:\WINDOWS\System32\WS2_32.dll
0x00007ffba6650000 - 0x00007ffba667d000 	C:\WINDOWS\SYSTEM32\WINMMBASE.dll
0x00007ffba8e10000 - 0x00007ffba8e5a000 	C:\WINDOWS\System32\cfgmgr32.dll
0x00007ffb8d6b0000 - 0x00007ffb8d6bf000 	C:\Program Files\Android\Android Studio\jre\jre\bin\verify.dll
0x00007ffb84430000 - 0x00007ffb84459000 	C:\Program Files\Android\Android Studio\jre\jre\bin\java.dll
0x00007ffb74430000 - 0x00007ffb74446000 	C:\Program Files\Android\Android Studio\jre\jre\bin\zip.dll
0x00007ffbaa5a0000 - 0x00007ffbaac87000 	C:\WINDOWS\System32\SHELL32.dll
0x00007ffbab7c0000 - 0x00007ffbab869000 	C:\WINDOWS\System32\shcore.dll
0x00007ffba9180000 - 0x00007ffba9901000 	C:\WINDOWS\System32\windows.storage.dll
0x00007ffba8d70000 - 0x00007ffba8d93000 	C:\WINDOWS\System32\profapi.dll
0x00007ffba8dc0000 - 0x00007ffba8e0a000 	C:\WINDOWS\System32\powrprof.dll
0x00007ffba8d40000 - 0x00007ffba8d50000 	C:\WINDOWS\System32\UMPDC.dll
0x00007ffbaa130000 - 0x00007ffbaa182000 	C:\WINDOWS\System32\shlwapi.dll
0x00007ffba8da0000 - 0x00007ffba8db1000 	C:\WINDOWS\System32\kernel.appcore.dll
0x00007ffba9160000 - 0x00007ffba9177000 	C:\WINDOWS\System32\cryptsp.dll
0x00007ffb71c90000 - 0x00007ffb71caa000 	C:\Program Files\Android\Android Studio\jre\jre\bin\net.dll
0x00007ffba8530000 - 0x00007ffba8597000 	C:\WINDOWS\system32\mswsock.dll
0x00007ffb6e660000 - 0x00007ffb6e673000 	C:\Program Files\Android\Android Studio\jre\jre\bin\nio.dll
0x00007ffba33f0000 - 0x00007ffba3417000 	C:\Users\Owner\.gradle\native\f6784746aeab05261644944871eae4fe03e0ef1612fff0a4a95f87b438bc6780\windows-amd64\native-platform.dll
0x00007ffb74420000 - 0x00007ffb7442d000 	C:\Program Files\Android\Android Studio\jre\jre\bin\management.dll
0x00007ffba80a0000 - 0x00007ffba80d3000 	C:\WINDOWS\system32\rsaenh.dll
0x00007ffba9910000 - 0x00007ffba9936000 	C:\WINDOWS\System32\bcrypt.dll
0x00007ffba8c60000 - 0x00007ffba8c85000 	C:\WINDOWS\SYSTEM32\USERENV.dll
0x00007ffba8700000 - 0x00007ffba870c000 	C:\WINDOWS\SYSTEM32\CRYPTBASE.dll
0x00007ffba8240000 - 0x00007ffba827a000 	C:\WINDOWS\SYSTEM32\IPHLPAPI.DLL
0x00007ffba9fd0000 - 0x00007ffba9fd8000 	C:\WINDOWS\System32\NSI.dll
0x00007ffb9f5e0000 - 0x00007ffb9f5f6000 	C:\WINDOWS\SYSTEM32\dhcpcsvc6.DLL
0x00007ffb9d950000 - 0x00007ffb9d96c000 	C:\WINDOWS\SYSTEM32\dhcpcsvc.DLL
0x00007ffba8280000 - 0x00007ffba834b000 	C:\WINDOWS\SYSTEM32\DNSAPI.dll
0x00007ffb9f630000 - 0x00007ffb9f63b000 	C:\WINDOWS\SYSTEM32\WINNSI.DLL
0x00007ffba2a10000 - 0x00007ffba2a2e000 	C:\Users\Owner\AppData\Local\Temp\native-platform409498525269780393dir\native-platform.dll

VM Arguments:
jvm_args: -Xmx2048m -Dfile.encoding=UTF-8 -Duser.country=JP -Duser.language=ja -Duser.variant 
java_command: org.gradle.launcher.daemon.bootstrap.GradleDaemon 6.5
java_class_path (initial): C:\Users\Owner\.gradle\wrapper\dists\gradle-6.5-bin\6nifqtx7604sqp1q6g8wikw7p\gradle-6.5\lib\gradle-launcher-6.5.jar
Launcher Type: SUN_STANDARD

Environment Variables:
PATH=C:\Program Files (x86)\Windows Resource Kits\Tools\;C:\Users\Owner\Python\Scripts\;C:\Users\Owner\Python\;C:\Program Files (x86)\Intel\iCLS Client\;C:\Program Files (x86)\Common Files\Apple\Apple Application Support;C:\Program Files\Intel\iCLS Client\;C:\WINDOWS\system32;C:\WINDOWS;C:\WINDOWS\System32\Wbem;C:\WINDOWS\System32\WindowsPowerShell\v1.0\;C:\Program Files (x86)\Fujitsu\FJAgent\Core\bin;C:\Program Files (x86)\Intel\Intel(R) Management Engine Components\DAL;C:\Program Files\Intel\Intel(R) Management Engine Components\DAL;C:\Program Files (x86)\Intel\Intel(R) Management Engine Components\IPT;C:\Program Files\Intel\Intel(R) Management Engine Components\IPT;C:\Program Files\Intel\WiFi\bin\;C:\Program Files\Common Files\Intel\WirelessCommon\;C:\WINDOWS\System32\OpenSSH\;C:\Users\Owner\HTML\Microsoft VS Code\bin;C:\Users\Owner\HTML\Git\cmd;C:\ProgramData\chocolatey\bin;C:\Users\Owner\Node\Nodist\bin;C:\Users\Owner\Node\;C:\Program Files\Microsoft SQL Server\130\Tools\Binn\;C:\Users\Owner\HTML\Ruby25-x64\bin;C:\Users\Owner\AppData\Local\Programs\Python\Python37\Scripts\;C:\Users\Owner\AppData\Local\Programs\Python\Python37\;C:\Users\Owner\AppData\Local\Microsoft\WindowsApps;C:\Program Files\Intel\WiFi\bin\;C:\Program Files\Common Files\Intel\WirelessCommon\;C:\Users\Owner\AppData\Local\GitHubDesktop\bin;C:\Users\Owner\AppData\Local\Microsoft\WindowsApps;C:\Users\Owner\AppData\Roaming\npm;C:\Users\Owner\HTML\Microsoft VS Code\bin
USERNAME=Owner
OS=Windows_NT
PROCESSOR_IDENTIFIER=Intel64 Family 6 Model 142 Stepping 10, GenuineIntel



---------------  S Y S T E M  ---------------

OS: Windows 10.0 , 64 bit Build 18362 (10.0.18362.1110)

CPU:total 8 (initial active 8) (4 cores per cpu, 2 threads per core) family 6 model 142 stepping 10, cmov, cx8, fxsr, mmx, sse, sse2, sse3, ssse3, sse4.1, sse4.2, popcnt, avx, avx2, aes, clmul, erms, 3dnowpref, lzcnt, ht, tsc, tscinvbit, bmi1, bmi2, adx

Memory: 4k page, physical 12439860k(3125572k free), swap 13492532k(6364k free)

vm_info: OpenJDK 64-Bit Server VM (25.242-b01) for windows-amd64 JRE (1.8.0_242-release-1644-b01), built by "builder" with MS VC++ 10.0 (VS2010)

time: Thu Jan 07 17:03:26 2021
timezone: ìåãû (ïWèÄéû)
elapsed time: 396 seconds (0d 0h 6m 36s)

